<?xml version="1.0" encoding="utf-8"?><testsuites name="pytest tests"><testsuite name="pytest" errors="0" failures="0" skipped="0" tests="24" time="2.671" timestamp="2026-09-01T21:56:37.586412+00:00" hostname="agent-env-e8fe440e-7434-4e4d-849d-2b6efc542939"><testcase classname="tests.test_rsvp.TestLookup" name="test_exact_test_guest" time="0.287" /><testcase classname="tests.test_rsvp.TestAdmin" name="test_login_bad" time="0.281" /><testcase classname="tests.test_rsvp.TestLookup" name="test_normalization_whitespace_case" time="0.072" /><testcase classname="tests.test_rsvp.TestAdmin" name="test_overview" time="0.154" /><testcase classname="tests.test_rsvp.TestLookup" name="test_apostrophe_dropped" time="0.071" /><testcase classname="tests.test_rsvp.TestLookup" name="test_curly_apostrophe" time="0.033" /><testcase classname="tests.test_rsvp.TestAdmin" name="test_parties_search_and_filter" time="0.106" /><testcase classname="tests.test_rsvp.TestLookup" name="test_hyphen_as_space" time="0.073" /><testcase classname="tests.test_rsvp.TestLookup" name="test_collapsed_no_space" time="0.031" /><testcase classname="tests.test_rsvp.TestAdmin" name="test_export_csv" time="0.033" /><testcase classname="tests.test_rsvp.TestLookup" name="test_not_found" time="0.069" /><testcase classname="tests.test_rsvp.TestAdmin" name="test_settings_deadline_closes_rsvp" time="0.370" /><testcase classname="tests.test_rsvp.TestLookup" name="test_ambiguous_alex" time="0.071" /><testcase classname="tests.test_rsvp.TestLookup" name="test_disambiguate_by_email" time="0.159" /><testcase classname="tests.test_rsvp.TestLookup" name="test_disambiguate_by_member" time="0.118" /><testcase classname="tests.test_rsvp.TestSecurity" name="test_cross_party_guest_id_rejected" time="0.175" /><testcase classname="tests.test_rsvp.TestHealth" name="test_root" time="0.068" /><testcase classname="tests.test_rsvp.TestHealth" name="test_status_open" time="0.073" /><testcase classname="tests.test_rsvp.TestSecurity" name="test_event_response_for_non_invited_rejected" time="0.119" /><testcase classname="tests.test_rsvp.TestSubmitAndReturn" name="test_submit_and_return_flow" time="0.842" /><testcase classname="tests.test_rsvp.TestSecurity" name="test_admin_requires_token" time="0.160" /><testcase classname="tests.test_rsvp.TestRehearsalDinner" name="test_invited_sees_events" time="0.042" /><testcase classname="tests.test_rsvp.TestRehearsalDinner" name="test_not_invited_no_events_key" time="0.084" /><testcase classname="tests.test_rsvp.TestSubmitAndReturn" name="test_plus_one_rejected_for_non_allowed" time="0.097" /></testsuite></testsuites>